[2021-12-27 12:54:37:665] [/home/me/bashbunny-payloads/payloads/library/DumpCreds_2.0] Git spawn /usr/bin/git ENOENT • 13 ms 
[2021-12-27 13:05:09:736] Warning(/usr/bin/git -c core.quotepath=false -c color.ui=false -c log.showSignature=false show --textconv bb601883ef78b91da18a1144d9e9219b9fbd4057:./payloads/library/exfiltration/SmartDataThief_Exfiltrator/payload.txt --): 
[2021-12-27 13:10:31:929] Warning(/usr/bin/git -c core.quotepath=false -c color.ui=false -c log.showSignature=false show --textconv bb601883ef78b91da18a1144d9e9219b9fbd4057:./payloads/library/general/Revolver_BLE-Controlled-Attacks/payload.txt --): 
[2021-12-27 13:14:00:006] Warning(/usr/bin/git -c core.quotepath=false -c color.ui=false -c log.showSignature=false show --textconv bb601883ef78b91da18a1144d9e9219b9fbd4057:./payloads/library/exfiltration/SmartDataThief_Exfiltrator/verify.bat --): 
[2021-12-27 13:14:40:940] Warning(/usr/bin/git -c core.quotepath=false -c color.ui=false -c log.showSignature=false show --textconv 9e547265974987fdf658cfa37a9043402fb58db7:./payloads/library/credentials/ducked/duck_code.txt --): 
[2021-12-27 13:15:13:440] Warning(/usr/bin/git -c core.quotepath=false -c color.ui=false -c log.showSignature=false show --textconv 9e547265974987fdf658cfa37a9043402fb58db7:./payloads/library/credentials/ducked/payload.txt --): 
[2021-12-27 13:15:49:671] Warning(/usr/bin/git -c core.quotepath=false -c color.ui=false -c log.showSignature=false show --textconv 9e547265974987fdf658cfa37a9043402fb58db7:./payloads/library/credentials/ducked/duck_code.txt --): 
[2021-12-27 13:16:18:139] Warning(/usr/bin/git -c core.quotepath=false -c color.ui=false -c log.showSignature=false show --textconv 9e547265974987fdf658cfa37a9043402fb58db7:./payloads/library/credentials/ducked/procdump.txt --): 
[2021-12-27 13:16:23:241] Warning(/usr/bin/git -c core.quotepath=false -c color.ui=false -c log.showSignature=false show --textconv 9e547265974987fdf658cfa37a9043402fb58db7:./payloads/library/credentials/ducked/run.ps1 --): 
[2021-12-27 13:17:09:781] Warning(/usr/bin/git -c core.quotepath=false -c color.ui=false -c log.showSignature=false show --textconv 0414f0cfc7134240eab21a652081cd721a7c14b3:./payloads/library/general/FICBunny/payload.txt --): 
[2021-12-27 13:17:29:867] Warning(/usr/bin/git -c core.quotepath=false -c color.ui=false -c log.showSignature=false show --textconv 72d424232a6512a51ede606e99c09e8cb573343f:./payloads/library/general/Bluetooth2/payload.txt --): 
[2021-12-27 13:18:32:820] Warning(/usr/bin/git -c core.quotepath=false -c color.ui=false -c log.showSignature=false show --textconv 54505507b9c4d8516979b8fa003726f9b543573d:./payloads/library/remote_access/ReverseBunny/payload.txt --): 
[2021-12-27 13:18:32:820] Warning(/usr/bin/git -c core.quotepath=false -c color.ui=false -c log.showSignature=false show --textconv 86c989f9a01b23deb5472191b411cb79af217f3e:./payloads/library/remote_access/ReverseBunny/payload.txt --): 
[2021-12-27 13:20:04:735] Warning(/usr/bin/git -c core.quotepath=false -c color.ui=false -c log.showSignature=false show --textconv 86c989f9a01b23deb5472191b411cb79af217f3e:./payloads/library/remote_access/ReverseBunny/ReverseBunny.txt --): 
[2021-12-27 13:20:08:881] Warning(/usr/bin/git -c core.quotepath=false -c color.ui=false -c log.showSignature=false show --textconv 54505507b9c4d8516979b8fa003726f9b543573d:./payloads/library/remote_access/ReverseBunny/README.md --): 
[2021-12-27 13:20:08:882] Warning(/usr/bin/git -c core.quotepath=false -c color.ui=false -c log.showSignature=false show --textconv 86c989f9a01b23deb5472191b411cb79af217f3e:./payloads/library/remote_access/ReverseBunny/README.md --): 
[2021-12-27 13:20:37:954] Warning(/usr/bin/git -c core.quotepath=false -c color.ui=false -c log.showSignature=false show --textconv 78eb6e38282e537ddea4cfeee77f7a907c91edea:./payloads/library/prank/WallpaperChanger/payload.txt --): 
[2021-12-27 13:20:59:481] Warning(/usr/bin/git -c core.quotepath=false -c color.ui=false -c log.showSignature=false show --textconv e79e39f95d7f4ecd5abf2545818031dbd57702af:./payloads/library/exfiltration/WifiSnatch/payload.txt --): 
[2021-12-27 13:21:18:682] Warning(/usr/bin/git -c core.quotepath=false -c color.ui=false -c log.showSignature=false show --textconv e79e39f95d7f4ecd5abf2545818031dbd57702af:./payloads/library/exfiltration/WifiSnatch/exfil.txt --): 
[2021-12-27 13:25:26:102] Warning(/usr/bin/git -c core.quotepath=false -c color.ui=false -c log.showSignature=false show --textconv 702deda61976dfb880941942f9ab865fdc94b21b:./languages/ch.json --): 
[2021-12-27 13:25:26:102] Warning(/usr/bin/git -c core.quotepath=false -c color.ui=false -c log.showSignature=false show --textconv a11091c5c48bc39903608bb9ecc8c608785e248b:./languages/ch.json --): 
[2021-12-27 13:25:39:894] Warning(/usr/bin/git -c core.quotepath=false -c color.ui=false -c log.showSignature=false show --textconv 8fa093b67eef1553b99fae4af2fa6c059ee46b40:./payloads/library/general/Pineapple-Connect-Windows/README.md --): 
[2021-12-27 13:26:13:016] Warning(/usr/bin/git -c core.quotepath=false -c color.ui=false -c log.showSignature=false show --textconv 904e0de1e1e2088b7ccfcd1c7664ef28f633e444:./README.md --): 
[2021-12-27 13:26:13:016] Warning(/usr/bin/git -c core.quotepath=false -c color.ui=false -c log.showSignature=false show --textconv b621491cc96688d93a838f15112e138fa7fe0eec:./README.md --): 
[2021-12-27 13:26:50:484] Warning(/usr/bin/git -c core.quotepath=false -c color.ui=false -c log.showSignature=false show --textconv 3fb08e01ae4883a8068bb226284538368364e8bb:./payloads/library/prank/Win_PoSH_AnsiSebsCow/readme.md --): 
[2021-12-27 13:27:04:697] Warning(/usr/bin/git -c core.quotepath=false -c color.ui=false -c log.showSignature=false show --textconv 605b7f1cab6e16223ada4d8feaeadeaf0ba966cc:./payloads/library/exfiltration/HiveNightmare/README.md --): 
[2021-12-27 13:27:14:451] Warning(/usr/bin/git -c core.quotepath=false -c color.ui=false -c log.showSignature=false show --textconv 605b7f1cab6e16223ada4d8feaeadeaf0ba966cc:./payloads/library/exfiltration/HiveNightmare/payload.txt --): 
[2021-12-27 13:27:45:680] Warning(/usr/bin/git -c core.quotepath=false -c color.ui=false -c log.showSignature=false show --textconv 4f6cd4b54d9f71d947a2fabff6958ad60d55afcb:./payloads/library/execution/Get-System/payload.txt --): 
[2021-12-27 13:28:39:457] Warning(/usr/bin/git -c core.quotepath=false -c color.ui=false -c log.showSignature=false show --textconv 4f6cd4b54d9f71d947a2fabff6958ad60d55afcb:./payloads/library/execution/Get-System/payload.ps1 --): 
[2021-12-27 13:28:59:988] Warning(/usr/bin/git -c core.quotepath=false -c color.ui=false -c log.showSignature=false show --textconv 4f6cd4b54d9f71d947a2fabff6958ad60d55afcb:./payloads/library/execution/Get-System/psgetsys.ps1 --): 
[2021-12-27 13:29:13:898] Warning(/usr/bin/git -c core.quotepath=false -c color.ui=false -c log.showSignature=false show --textconv babdc7274333ca5d3322aa7e94fb88a01a066c58:./payloads/library/execution/PrintNightmare/README.md --): 
[2021-12-27 13:29:13:898] Warning(/usr/bin/git -c core.quotepath=false -c color.ui=false -c log.showSignature=false show --textconv efb5f63ad89c4565a68c20727cd42d8347e6f49b:./payloads/library/execution/PrintNightmare/README.md --): 
[2021-12-27 13:32:15:906] Warning(/usr/bin/git -c core.quotepath=false -c color.ui=false -c log.showSignature=false show --textconv babdc7274333ca5d3322aa7e94fb88a01a066c58:./payloads/library/execution/PrintNightmare/juicybit.txt --): 
[2021-12-27 13:32:15:906] Warning(/usr/bin/git -c core.quotepath=false -c color.ui=false -c log.showSignature=false show --textconv 73ca91c3ba34d17674c06c66f7969864fceae63e:./payloads/library/execution/PrintNightmare/juicybit.txt --): 
[2021-12-27 13:32:32:358] Warning(/usr/bin/git -c core.quotepath=false -c color.ui=false -c log.showSignature=false show --textconv 8cd8d859cd92f1fd13094265cef2a978e5b47cc6:./payloads/library/credentials/Win_PoSH_FakeLogin/readme.md --): 
[2021-12-27 13:32:32:358] Warning(/usr/bin/git -c core.quotepath=false -c color.ui=false -c log.showSignature=false show --textconv 6375315a330fd359baf0d2e4e4f6f936a204d09e:./payloads/library/credentials/Win_PoSH_FakeLogin/readme.md --): 
[2021-12-27 13:40:48:546] Warning(/usr/bin/git -c core.quotepath=false -c color.ui=false -c log.showSignature=false show --textconv 8cd8d859cd92f1fd13094265cef2a978e5b47cc6:./payloads/library/recon/Win_PoSH_WordReport/payload.txt --): 
[2021-12-27 13:40:50:748] Warning(/usr/bin/git -c core.quotepath=false -c color.ui=false -c log.showSignature=false show --textconv 8cd8d859cd92f1fd13094265cef2a978e5b47cc6:./payloads/library/credentials/Win_PoSH_FakeLogin/payload.txt --): 
[2021-12-27 13:40:50:748] Warning(/usr/bin/git -c core.quotepath=false -c color.ui=false -c log.showSignature=false show --textconv 7a0d036b745628dd4cb3e7e8375b0030f0e18706:./payloads/library/credentials/Win_PoSH_FakeLogin/payload.txt --): 
[2021-12-27 13:41:00:838] Warning(/usr/bin/git -c core.quotepath=false -c color.ui=false -c log.showSignature=false show --textconv 8cd8d859cd92f1fd13094265cef2a978e5b47cc6:./payloads/library/recon/Win_PoSH_WordReport/payload.txt --): 
