[Info  - 12:43:16.948] Reading sessions from keychain...
[Info  - 12:43:16.971] Getting sessions for repo...
[Info  - 12:43:16.974] Getting sessions for all scopes...
[Error  - 12:43:16.978] Getting token failed: Error: The name org.freedesktop.secrets was not provided by any .service files
[Info  - 12:43:16.979] Got 0 sessions for repo...
[Info  - 12:43:16.979] Got 0 sessions for all scopes...
[Info  - 12:43:21.290] Getting sessions for repo...
[Info  - 12:43:21.290] Got 0 sessions for repo...
[Info  - 12:43:26.179] Getting sessions for repo...
[Info  - 12:43:26.180] Got 0 sessions for repo...
[Info  - 12:43:31.42] Logging in for the following scopes: repo
[Info  - 12:47:31.633] Getting token scopes...
[Info  - 12:47:32.209] Getting user info...
[Info  - 12:47:32.469] Got account info!
[Info  - 12:47:32.470] Storing 1 sessions...
[Error  - 12:47:33.119] Setting token failed: Error: The name org.freedesktop.secrets was not provided by any .service files
[Info  - 12:47:46.712] Stored 1 sessions!
[Info  - 12:47:46.712] Login success!
[Info  - 12:47:46.734] Getting sessions for repo...
[Info  - 12:47:46.735] Got 1 sessions for repo...
[Info  - 12:48:51.592] Getting sessions for all scopes...
[Info  - 12:48:51.592] Got 1 sessions for all scopes...
[Info  - 12:48:57.769] Logging in for the following scopes: repo
[Info  - 12:49:00.662] Getting sessions for all scopes...
[Info  - 12:49:00.662] Got 1 sessions for all scopes...
[Error  - 12:49:03.445] Error: Sign in failed: No token provided
[Info  - 12:49:10.739] Getting sessions for all scopes...
[Info  - 12:49:10.739] Got 1 sessions for all scopes...
[Info  - 12:49:26.964] Getting sessions for all scopes...
[Info  - 12:49:26.964] Got 1 sessions for all scopes...
