shfmt hasn't downloaded yet!Error: ENOENT: no such file or directory, stat '/home/me/.vscode-oss/extensions/foxundermoon.shell-format-7.0.1/bin/shfmt_v3.0.1_linux_amd64'
Shfmt will be downloaded automatically!
download url: https://github.com/mvdan/sh/releases/download/v3.0.1/shfmt_v3.0.1_linux_amd64
download to: /home/me/.vscode-oss/extensions/foxundermoon.shell-format-7.0.1/bin/shfmt_v3.0.1_linux_amd64
If the download fails, you can manually download it to the dest directory.
Or download to another directory, and then set the "shellformat.path" as the path
download shfmt page: https://github.com/mvdan/sh/releases
You can't use this plugin until the download is successful.
downloaded:[0.05%]
downloaded:[0.09%]
downloaded:[0.14%]
downloaded:[0.18%]
downloaded:[0.23%]
downloaded:[0.27%]
downloaded:[0.32%]
downloaded:[0.37%]
downloaded:[0.41%]
downloaded:[0.46%]
downloaded:[0.50%]
downloaded:[0.55%]
downloaded:[0.59%]
downloaded:[0.64%]
downloaded:[0.69%]
downloaded:[0.73%]
downloaded:[0.78%]
downloaded:[0.82%]
downloaded:[0.87%]
downloaded:[0.91%]
downloaded:[0.96%]
downloaded:[1.01%]
downloaded:[1.05%]
downloaded:[1.10%]
downloaded:[1.14%]
downloaded:[1.19%]
downloaded:[1.23%]
downloaded:[1.28%]
downloaded:[1.33%]
downloaded:[1.37%]
downloaded:[1.42%]
downloaded:[1.46%]
downloaded:[1.51%]
downloaded:[1.55%]
downloaded:[1.60%]
downloaded:[1.61%]
downloaded:[1.66%]
downloaded:[1.70%]
downloaded:[1.75%]
downloaded:[1.79%]
downloaded:[1.84%]
downloaded:[1.88%]
downloaded:[1.93%]
downloaded:[1.98%]
downloaded:[2.02%]
downloaded:[2.07%]
downloaded:[2.11%]
downloaded:[2.16%]
downloaded:[2.70%]
downloaded:[3.24%]
downloaded:[3.78%]
downloaded:[4.33%]
downloaded:[4.87%]
downloaded:[5.41%]
downloaded:[5.96%]
downloaded:[6.50%]
downloaded:[7.04%]
downloaded:[7.59%]
downloaded:[8.13%]
downloaded:[8.67%]
downloaded:[9.22%]
downloaded:[9.76%]
downloaded:[10.31%]
downloaded:[10.85%]
downloaded:[11.39%]
downloaded:[11.94%]
downloaded:[12.48%]
downloaded:[13.02%]
downloaded:[13.57%]
downloaded:[14.11%]
downloaded:[14.65%]
downloaded:[15.20%]
downloaded:[15.49%]
downloaded:[16.04%]
downloaded:[16.58%]
downloaded:[17.12%]
downloaded:[17.67%]
downloaded:[18.21%]
downloaded:[18.75%]
downloaded:[19.30%]
downloaded:[19.84%]
downloaded:[20.38%]
downloaded:[20.93%]
downloaded:[21.47%]
downloaded:[22.02%]
downloaded:[22.56%]
downloaded:[22.77%]
downloaded:[23.31%]
downloaded:[23.85%]
downloaded:[24.40%]
downloaded:[24.94%]
downloaded:[25.48%]
downloaded:[26.03%]
downloaded:[26.57%]
downloaded:[27.11%]
downloaded:[27.66%]
downloaded:[28.20%]
downloaded:[28.75%]
downloaded:[29.29%]
downloaded:[29.83%]
downloaded:[30.04%]
downloaded:[30.58%]
downloaded:[31.13%]
downloaded:[31.67%]
downloaded:[32.21%]
downloaded:[32.76%]
downloaded:[33.30%]
downloaded:[33.84%]
downloaded:[34.39%]
downloaded:[34.93%]
downloaded:[35.47%]
downloaded:[36.02%]
downloaded:[36.56%]
downloaded:[37.11%]
downloaded:[37.31%]
downloaded:[37.86%]
downloaded:[38.40%]
downloaded:[38.94%]
downloaded:[39.49%]
downloaded:[40.03%]
downloaded:[40.57%]
downloaded:[41.12%]
downloaded:[41.66%]
downloaded:[42.20%]
downloaded:[42.75%]
downloaded:[43.29%]
downloaded:[43.84%]
downloaded:[44.38%]
downloaded:[44.59%]
downloaded:[45.13%]
downloaded:[45.67%]
downloaded:[46.22%]
downloaded:[46.76%]
downloaded:[47.30%]
downloaded:[47.85%]
downloaded:[48.39%]
downloaded:[48.93%]
downloaded:[49.48%]
downloaded:[50.02%]
downloaded:[50.56%]
downloaded:[51.11%]
downloaded:[51.65%]
downloaded:[51.86%]
downloaded:[52.40%]
downloaded:[52.95%]
downloaded:[53.49%]
downloaded:[54.03%]
downloaded:[54.58%]
downloaded:[55.12%]
downloaded:[55.66%]
downloaded:[56.21%]
downloaded:[56.75%]
downloaded:[57.29%]
downloaded:[57.84%]
downloaded:[58.38%]
downloaded:[58.93%]
downloaded:[59.13%]
downloaded:[59.68%]
downloaded:[60.22%]
downloaded:[60.76%]
downloaded:[61.31%]
downloaded:[61.85%]
downloaded:[62.39%]
downloaded:[62.94%]
downloaded:[63.48%]
downloaded:[64.02%]
downloaded:[64.57%]
downloaded:[65.11%]
downloaded:[65.65%]
downloaded:[66.20%]
downloaded:[66.41%]
downloaded:[66.95%]
downloaded:[67.49%]
downloaded:[68.04%]
downloaded:[68.58%]
downloaded:[69.12%]
downloaded:[69.67%]
downloaded:[70.21%]
downloaded:[70.75%]
downloaded:[71.30%]
downloaded:[71.84%]
downloaded:[72.38%]
downloaded:[72.93%]
downloaded:[73.47%]
downloaded:[73.68%]
downloaded:[74.22%]
downloaded:[74.77%]
downloaded:[75.31%]
downloaded:[75.85%]
downloaded:[76.40%]
downloaded:[76.94%]
downloaded:[77.48%]
downloaded:[78.03%]
downloaded:[78.57%]
downloaded:[79.11%]
downloaded:[79.66%]
downloaded:[80.20%]
downloaded:[80.74%]
downloaded:[80.95%]
downloaded:[81.50%]
downloaded:[82.04%]
downloaded:[82.58%]
downloaded:[83.13%]
downloaded:[83.67%]
downloaded:[84.21%]
downloaded:[84.76%]
downloaded:[85.30%]
downloaded:[85.84%]
downloaded:[86.39%]
downloaded:[86.93%]
downloaded:[87.47%]
downloaded:[88.02%]
downloaded:[88.23%]
downloaded:[88.77%]
downloaded:[89.31%]
downloaded:[89.86%]
downloaded:[90.40%]
downloaded:[90.94%]
downloaded:[91.49%]
downloaded:[92.03%]
downloaded:[92.57%]
downloaded:[93.12%]
downloaded:[93.66%]
downloaded:[94.20%]
downloaded:[94.75%]
downloaded:[95.29%]
downloaded:[95.50%]
downloaded:[96.04%]
downloaded:[96.59%]
downloaded:[97.13%]
downloaded:[97.67%]
downloaded:[98.22%]
downloaded:[98.76%]
downloaded:[99.30%]
downloaded:[99.85%]
downloaded:[100.00%]
download success, You can use it successfully!
Suggestions or issues can be submitted here https://git.io/vsshell-issues
