[2021-12-27 19:50:51.342] [exthost] [info] Extension host with pid 695796 started
[2021-12-27 19:50:51.342] [exthost] [info] Skipping acquiring lock for /home/me/.config/VSCodium/User/workspaceStorage/b44da1e25a5290b0bda0d8f3cb1ba818.
[2021-12-27 19:50:51.721] [exthost] [info] ExtensionService#_doActivateExtension vscode.debug-auto-launch, startup: true, activationEvent: '*'
[2021-12-27 19:50:51.742] [exthost] [info] ExtensionService#_doActivateExtension vscode.git-base, startup: true, activationEvent: '*', root cause: vscode.github
[2021-12-27 19:50:51.750] [exthost] [info] ExtensionService#_doActivateExtension buianhthang.gitflow, startup: true, activationEvent: '*'
[2021-12-27 19:50:51.775] [exthost] [info] ExtensionService#_doActivateExtension cab404.vscode-direnv, startup: true, activationEvent: '*'
[2021-12-27 19:50:51.817] [exthost] [info] ExtensionService#_doActivateExtension mhutchie.git-graph, startup: true, activationEvent: '*'
[2021-12-27 19:50:51.907] [exthost] [info] ExtensionService#_doActivateExtension reduckted.vscode-gitweblinks, startup: true, activationEvent: '*'
[2021-12-27 19:50:52.225] [exthost] [info] ExtensionService#_doActivateExtension vscode.git, startup: true, activationEvent: '*'
[2021-12-27 19:50:52.281] [exthost] [info] ExtensionService#_doActivateExtension vscode.github, startup: true, activationEvent: '*'
[2021-12-27 19:50:52.351] [exthost] [info] Eager extensions activated
[2021-12-27 19:50:52.479] [exthost] [info] ExtensionService#_doActivateExtension vscode.emmet, startup: false, activationEvent: 'onStartupFinished'
[2021-12-27 19:50:52.499] [exthost] [info] ExtensionService#_doActivateExtension vscode.merge-conflict, startup: false, activationEvent: 'onStartupFinished'
[2021-12-27 19:50:52.513] [exthost] [info] ExtensionService#_doActivateExtension eamodio.gitlens, startup: false, activationEvent: 'onStartupFinished'
[2021-12-27 19:50:52.647] [exthost] [info] ExtensionService#_doActivateExtension entepe85.gitlens, startup: false, activationEvent: 'onStartupFinished'
[2021-12-27 19:50:52.758] [exthost] [info] ExtensionService#_doActivateExtension esbenp.prettier-vscode, startup: false, activationEvent: 'onStartupFinished'
[2021-12-27 19:50:53.646] [exthost] [info] ExtensionService#_doActivateExtension felipecaputo.git-project-manager, startup: false, activationEvent: 'onStartupFinished'
[2021-12-27 19:50:53.772] [exthost] [info] ExtensionService#_doActivateExtension formulahendry.code-runner, startup: false, activationEvent: 'onStartupFinished'
[2021-12-27 19:50:54.266] [exthost] [error] Activating extension entepe85.gitlens failed due to an error:
[2021-12-27 19:50:54.266] [exthost] [error] Error: command 'gitlens.key.left' already exists
	at registerCommand (/usr/share/vscodium/resources/app/out/vs/workbench/services/extensions/node/extensionHostProcess.js:95:29537)
	at Object.registerCommand (/usr/share/vscodium/resources/app/out/vs/workbench/services/extensions/node/extensionHostProcess.js:104:21205)
	at /home/me/.vscode-oss/extensions/entepe85.gitlens-11.0.2/dist/gitlens.js:2:432990
	at Array.map (<anonymous>)
	at new Keyboard (/home/me/.vscode-oss/extensions/entepe85.gitlens-11.0.2/dist/gitlens.js:2:432971)
	at Function.initialize (/home/me/.vscode-oss/extensions/entepe85.gitlens-11.0.2/dist/gitlens.js:2:511354)
	at g (/home/me/.vscode-oss/extensions/entepe85.gitlens-11.0.2/dist/gitlens.js:2:627544)
	at async Promise.all (index 0)
[2021-12-27 19:50:54.695] [exthost] [info] ExtensionService#_doActivateExtension foxundermoon.shell-format, startup: false, activationEvent: 'onLanguage:shellscript'
[2021-12-27 19:50:54.708] [exthost] [info] ExtensionService#_doActivateExtension mads-hartmann.bash-ide-vscode, startup: false, activationEvent: 'onLanguage:shellscript'
[2021-12-27 19:50:54.870] [exthost] [info] ExtensionService#_doActivateExtension timonwong.shellcheck, startup: false, activationEvent: 'onLanguage:shellscript'
[2021-12-27 19:50:55.010] [exthost] [info] ExtensionService#_doActivateExtension vscode.github-authentication, startup: false, activationEvent: 'onAuthenticationRequest:github'
[2021-12-27 20:00:32.180] [exthost] [warning] TextEditor is closed/disposed
[2021-12-27 20:00:32.182] [exthost] [warning] TextEditor is closed/disposed
[2021-12-27 20:00:33.185] [exthost] [info] ExtensionService#_doActivateExtension vscode.extension-editing, startup: false, activationEvent: 'onLanguage:markdown'
[2021-12-27 20:00:33.209] [exthost] [info] ExtensionService#_doActivateExtension vscode.markdown-language-features, startup: false, activationEvent: 'onLanguage:markdown'
[2021-12-27 20:00:33.648] [exthost] [info] ExtensionService#_doActivateExtension vscode.markdown-math, startup: false, activationEvent: 'api', root cause: vscode.markdown-language-features
[2021-12-27 20:00:33.819] [exthost] [info] ExtensionService#_doActivateExtension vscode.configuration-editing, startup: false, activationEvent: 'onLanguage:json'
[2021-12-27 20:00:33.828] [exthost] [info] ExtensionService#_doActivateExtension vscode.json-language-features, startup: false, activationEvent: 'onLanguage:json'
[2021-12-27 20:00:33.886] [exthost] [info] ExtensionService#_doActivateExtension vscode.npm, startup: false, activationEvent: 'onLanguage:json'
[2021-12-27 20:00:52.752] [exthost] [warning] TextEditor is closed/disposed
[2021-12-27 20:00:52.752] [exthost] [warning] TextEditor is closed/disposed
[2021-12-27 20:01:03.665] [exthost] [warning] TextEditor is closed/disposed
[2021-12-27 20:01:03.666] [exthost] [warning] TextEditor is closed/disposed
[2021-12-27 20:01:17.235] [exthost] [warning] TextEditor is closed/disposed
[2021-12-27 20:01:17.236] [exthost] [warning] TextEditor is closed/disposed
[2021-12-27 20:01:28.444] [exthost] [warning] TextEditor is closed/disposed
[2021-12-27 20:01:28.445] [exthost] [warning] TextEditor is closed/disposed
[2021-12-27 20:01:48.470] [exthost] [warning] TextEditor is closed/disposed
[2021-12-27 20:01:48.470] [exthost] [warning] TextEditor is closed/disposed
[2021-12-27 20:01:56.787] [exthost] [warning] TextEditor is closed/disposed
[2021-12-27 20:01:56.789] [exthost] [warning] TextEditor is closed/disposed
[2021-12-27 20:02:03.661] [exthost] [warning] TextEditor is closed/disposed
[2021-12-27 20:02:03.662] [exthost] [warning] TextEditor is closed/disposed
[2021-12-27 20:35:06.799] [exthost] [warning] TextEditor is closed/disposed
[2021-12-27 20:35:06.799] [exthost] [warning] TextEditor is closed/disposed
[2021-12-27 20:35:12.810] [exthost] [warning] TextEditor is closed/disposed
[2021-12-27 20:35:12.811] [exthost] [warning] TextEditor is closed/disposed
[2021-12-28 07:42:03.658] [exthost] [warning] TextEditor is closed/disposed
[2021-12-28 07:42:03.659] [exthost] [warning] TextEditor is closed/disposed
[2021-12-28 07:42:04.240] [exthost] [info] ExtensionService#_doActivateExtension vscode.typescript-language-features, startup: false, activationEvent: 'onLanguage:jsonc'
[2021-12-28 07:42:04.420] [exthost] [warning] [Decorations] CAPPING events from decorations provider vscode.git 500
[2021-12-28 07:42:23.397] [exthost] [warning] [Decorations] CAPPING events from decorations provider vscode.git 500
[2021-12-28 07:44:18.953] [exthost] [warning] [Decorations] CAPPING events from decorations provider vscode.git 500
[2021-12-28 07:44:24.134] [exthost] [warning] [Decorations] CAPPING events from decorations provider vscode.git 500
[2021-12-28 07:44:29.308] [exthost] [warning] [Decorations] CAPPING events from decorations provider vscode.git 500
[2021-12-28 07:44:47.895] [exthost] [warning] [Decorations] CAPPING events from decorations provider vscode.git 500
[2021-12-28 07:44:53.827] [exthost] [warning] [Decorations] CAPPING events from decorations provider vscode.git 500
[2021-12-28 07:44:59.006] [exthost] [warning] [Decorations] CAPPING events from decorations provider vscode.git 500
[2021-12-28 07:45:05.083] [exthost] [warning] [Decorations] CAPPING events from decorations provider vscode.git 500
[2021-12-28 07:45:10.249] [exthost] [warning] [Decorations] CAPPING events from decorations provider vscode.git 500
[2021-12-28 07:49:46.869] [exthost] [warning] [Decorations] CAPPING events from decorations provider vscode.git 501
[2021-12-28 07:49:52.034] [exthost] [warning] [Decorations] CAPPING events from decorations provider vscode.git 501
[2021-12-28 07:49:57.215] [exthost] [warning] [Decorations] CAPPING events from decorations provider vscode.git 501
[2021-12-28 07:50:05.757] [exthost] [warning] [Decorations] CAPPING events from decorations provider vscode.git 501
[2021-12-28 07:50:10.920] [exthost] [warning] [Decorations] CAPPING events from decorations provider vscode.git 501
[2021-12-28 07:50:16.072] [exthost] [warning] [Decorations] CAPPING events from decorations provider vscode.git 501
[2021-12-28 07:50:21.249] [exthost] [warning] [Decorations] CAPPING events from decorations provider vscode.git 501
[2021-12-28 07:50:26.414] [exthost] [warning] [Decorations] CAPPING events from decorations provider vscode.git 501
[2021-12-28 07:53:57.221] [exthost] [warning] [Decorations] CAPPING events from decorations provider vscode.git 501
[2021-12-28 07:54:02.401] [exthost] [warning] [Decorations] CAPPING events from decorations provider vscode.git 501
[2021-12-28 08:12:46.415] [exthost] [warning] [Decorations] CAPPING events from decorations provider vscode.git 501
[2021-12-28 08:13:26.633] [exthost] [warning] [Decorations] CAPPING events from decorations provider vscode.git 501
[2021-12-28 08:13:31.816] [exthost] [warning] [Decorations] CAPPING events from decorations provider vscode.git 501
[2021-12-28 08:13:44.462] [exthost] [warning] [Decorations] CAPPING events from decorations provider vscode.git 501
[2021-12-28 08:13:49.671] [exthost] [warning] [Decorations] CAPPING events from decorations provider vscode.git 501
[2021-12-28 08:13:54.876] [exthost] [warning] [Decorations] CAPPING events from decorations provider vscode.git 501
[2021-12-28 08:14:07.263] [exthost] [warning] [Decorations] CAPPING events from decorations provider vscode.git 501
[2021-12-28 08:14:37.797] [exthost] [warning] [Decorations] CAPPING events from decorations provider vscode.git 501
[2021-12-28 08:14:43.838] [exthost] [warning] [Decorations] CAPPING events from decorations provider vscode.git 501
[2021-12-28 08:15:00.981] [exthost] [warning] [Decorations] CAPPING events from decorations provider vscode.git 501
[2021-12-28 08:15:06.171] [exthost] [warning] [Decorations] CAPPING events from decorations provider vscode.git 501
[2021-12-28 08:15:11.345] [exthost] [warning] [Decorations] CAPPING events from decorations provider vscode.git 501
[2021-12-28 08:19:13.438] [exthost] [warning] [Decorations] CAPPING events from decorations provider vscode.git 501
[2021-12-28 08:20:30.687] [exthost] [warning] [Decorations] CAPPING events from decorations provider vscode.git 500
[2021-12-28 08:20:35.860] [exthost] [warning] [Decorations] CAPPING events from decorations provider vscode.git 500
[2021-12-28 08:20:41.071] [exthost] [warning] [Decorations] CAPPING events from decorations provider vscode.git 500
[2021-12-28 08:20:46.847] [exthost] [warning] [Decorations] CAPPING events from decorations provider vscode.git 500
[2021-12-28 08:21:12.054] [exthost] [warning] [Decorations] CAPPING events from decorations provider vscode.git 500
[2021-12-28 08:21:19.593] [exthost] [warning] [Decorations] CAPPING events from decorations provider vscode.git 500
[2021-12-28 08:21:52.144] [exthost] [warning] [Decorations] CAPPING events from decorations provider vscode.git 500
[2021-12-28 08:21:57.347] [exthost] [warning] [Decorations] CAPPING events from decorations provider vscode.git 500
[2021-12-28 08:22:09.613] [exthost] [warning] [Decorations] CAPPING events from decorations provider vscode.git 500
[2021-12-28 08:23:19.886] [exthost] [warning] [Decorations] CAPPING events from decorations provider vscode.git 500
[2021-12-28 08:38:01.119] [exthost] [info] extension host terminating: renderer closed the socket
[2021-12-28 08:38:01.205] [exthost] [warning] {"name":"Canceled"}
[2021-12-28 08:38:01.211] [exthost] [info] Extension host with pid 695796 exiting with code 0
