[INF][30/05/2020, 04:49:38] Hooking dom-ready
[INF][30/05/2020, 04:49:42] Hooked dom-ready
[INF][30/05/2020, 04:49:42] Getting updater
[INF][30/05/2020, 04:49:42] Getting hash from: https://api.github.com/repos/rauenzi/BetterDiscordApp/commits/injector
[INF][30/05/2020, 04:49:43] Getting version from: https://cdn.statically.io/gh/rauenzi/BetterDiscordApp/8b8108b64172adec53a5a954edd81d2c21b00ba7/betterdiscord/config.json
[INF][30/05/2020, 04:49:43] Latest Version: 0.4.1
[INF][30/05/2020, 04:49:43] Getting commit hash
[INF][30/05/2020, 04:49:43] Getting hash from: https://api.github.com/repos/rauenzi/BetterDiscordApp/commits/master
[INF][30/05/2020, 04:49:43] 4e4ea157420b0d84efd498441b3cea7c2fc4a6e6
[INF][30/05/2020, 04:49:43] Using hash: 4e4ea157420b0d84efd498441b3cea7c2fc4a6e6
[INF][30/05/2020, 04:49:43] Loading
[INF][30/05/2020, 04:49:43] Loading Resource (//ajax.googleapis.com/ajax/libs/jquery/2.0.0/jquery.min.js)
[INF][30/05/2020, 04:49:48] Loading Resource (//cdn.staticaly.com/gh/rauenzi/BetterDiscordApp/4e4ea157420b0d84efd498441b3cea7c2fc4a6e6/css/main.min.css)
[INF][30/05/2020, 04:49:48] Loading Resource (//cdn.staticaly.com/gh/rauenzi/BetterDiscordApp/4e4ea157420b0d84efd498441b3cea7c2fc4a6e6/js/main.min.js)
[INF][30/05/2020, 04:49:48] Starting Up
[INF][30/05/2020, 05:55:06] Hooking dom-ready
[INF][30/05/2020, 05:55:10] Hooked dom-ready
[INF][30/05/2020, 05:55:10] Getting updater
[INF][30/05/2020, 05:55:10] Getting hash from: https://api.github.com/repos/rauenzi/BetterDiscordApp/commits/injector
[INF][30/05/2020, 05:55:10] Getting version from: https://cdn.statically.io/gh/rauenzi/BetterDiscordApp/8b8108b64172adec53a5a954edd81d2c21b00ba7/betterdiscord/config.json
[INF][30/05/2020, 05:55:11] Latest Version: 0.4.1
[INF][30/05/2020, 05:55:11] Getting commit hash
[INF][30/05/2020, 05:55:11] Getting hash from: https://api.github.com/repos/rauenzi/BetterDiscordApp/commits/master
[INF][30/05/2020, 05:55:11] 4e4ea157420b0d84efd498441b3cea7c2fc4a6e6
[INF][30/05/2020, 05:55:11] Using hash: 4e4ea157420b0d84efd498441b3cea7c2fc4a6e6
[INF][30/05/2020, 05:55:11] Loading
[INF][30/05/2020, 05:55:11] Loading Resource (//ajax.googleapis.com/ajax/libs/jquery/2.0.0/jquery.min.js)
[INF][30/05/2020, 05:55:15] Loading Resource (//cdn.staticaly.com/gh/rauenzi/BetterDiscordApp/4e4ea157420b0d84efd498441b3cea7c2fc4a6e6/css/main.min.css)
[INF][30/05/2020, 05:55:15] Loading Resource (//cdn.staticaly.com/gh/rauenzi/BetterDiscordApp/4e4ea157420b0d84efd498441b3cea7c2fc4a6e6/js/main.min.js)
[INF][30/05/2020, 05:55:16] Starting Up
