[Info  - 17:42:45.232] Reading sessions from keychain...
[Info  - 17:42:45.378] Getting sessions for repo...
[Info  - 17:42:45.378] Getting sessions for repo...
[Error  - 17:42:45.379] Getting token failed: Error: The name org.freedesktop.secrets was not provided by any .service files
[Info  - 17:42:45.379] Got 0 sessions for repo...
[Info  - 17:42:45.379] Got 0 sessions for repo...
[Info  - 17:42:45.479] Getting sessions for all scopes...
[Info  - 17:42:45.480] Got 0 sessions for all scopes...
[Info  - 17:42:50.658] Getting sessions for repo...
[Info  - 17:42:50.658] Got 0 sessions for repo...
[Info  - 17:42:53.8] Logging in for the following scopes: repo
[Info  - 17:43:35.460] Getting token scopes...
[Info  - 17:43:35.766] Getting user info...
[Info  - 17:43:36.27] Got account info!
[Info  - 17:43:36.28] Storing 1 sessions...
[Error  - 17:43:36.676] Setting token failed: Error: The name org.freedesktop.secrets was not provided by any .service files
[Info  - 17:44:33.100] Stored 1 sessions!
[Info  - 17:44:33.101] Login success!
[Info  - 17:44:33.131] Getting sessions for repo...
[Info  - 17:44:33.131] Got 1 sessions for repo...
