[2021-12-27 07:40:53.444] [renderer1] [error] [Extension Host] (node:629743) [DEP0005] DeprecationWarning: Buffer() is deprecated due to security and usability issues. Please use the Buffer.alloc(), Buffer.allocUnsafe(), or Buffer.from() methods instead.
(Use `codium --trace-deprecation ...` to show where the warning was created)
[2021-12-27 07:41:08.075] [renderer1] [error] EACCES: permission denied, open '/usr/share/vscodium/resources/app/extensions/npm/package.json': Error: EACCES: permission denied, open '/usr/share/vscodium/resources/app/extensions/npm/package.json'
[2021-12-27 07:41:08.086] [renderer1] [error] EACCES: permission denied, open '/usr/share/vscodium/resources/app/extensions/json-language-features/package.json': Error: EACCES: permission denied, open '/usr/share/vscodium/resources/app/extensions/json-language-features/package.json'
[2021-12-27 07:41:08.090] [renderer1] [error] EACCES: permission denied, open '/usr/share/vscodium/resources/app/extensions/json/package.json': Error: EACCES: permission denied, open '/usr/share/vscodium/resources/app/extensions/json/package.json'
[2021-12-27 07:41:08.091] [renderer1] [error] EACCES: permission denied, open '/usr/share/vscodium/resources/app/extensions/html-language-features/package.json': Error: EACCES: permission denied, open '/usr/share/vscodium/resources/app/extensions/html-language-features/package.json'
[2021-12-27 07:41:08.094] [renderer1] [error] EACCES: permission denied, open '/usr/share/vscodium/resources/app/extensions/yaml/package.json': Error: EACCES: permission denied, open '/usr/share/vscodium/resources/app/extensions/yaml/package.json'
[2021-12-27 07:41:08.096] [renderer1] [error] EACCES: permission denied, open '/usr/share/vscodium/resources/app/extensions/cpp/package.json': Error: EACCES: permission denied, open '/usr/share/vscodium/resources/app/extensions/cpp/package.json'
[2021-12-27 07:41:08.097] [renderer1] [error] EACCES: permission denied, open '/usr/share/vscodium/resources/app/extensions/html/package.json': Error: EACCES: permission denied, open '/usr/share/vscodium/resources/app/extensions/html/package.json'
[2021-12-27 07:41:08.098] [renderer1] [error] EACCES: permission denied, open '/usr/share/vscodium/resources/app/extensions/css/package.json': Error: EACCES: permission denied, open '/usr/share/vscodium/resources/app/extensions/css/package.json'
[2021-12-27 07:41:08.100] [renderer1] [error] EACCES: permission denied, open '/usr/share/vscodium/resources/app/extensions/markdown-basics/package.json': Error: EACCES: permission denied, open '/usr/share/vscodium/resources/app/extensions/markdown-basics/package.json'
[2021-12-27 07:41:08.101] [renderer1] [error] EACCES: permission denied, open '/usr/share/vscodium/resources/app/extensions/docker/package.json': Error: EACCES: permission denied, open '/usr/share/vscodium/resources/app/extensions/docker/package.json'
[2021-12-27 07:41:08.103] [renderer1] [error] EACCES: permission denied, open '/usr/share/vscodium/resources/app/extensions/java/package.json': Error: EACCES: permission denied, open '/usr/share/vscodium/resources/app/extensions/java/package.json'
[2021-12-27 07:41:08.104] [renderer1] [error] EACCES: permission denied, open '/usr/share/vscodium/resources/app/extensions/javascript/package.json': Error: EACCES: permission denied, open '/usr/share/vscodium/resources/app/extensions/javascript/package.json'
[2021-12-27 07:41:08.105] [renderer1] [error] EACCES: permission denied, open '/usr/share/vscodium/resources/app/extensions/log/package.json': Error: EACCES: permission denied, open '/usr/share/vscodium/resources/app/extensions/log/package.json'
[2021-12-27 07:41:08.107] [renderer1] [error] EACCES: permission denied, open '/usr/share/vscodium/resources/app/extensions/configuration-editing/package.json': Error: EACCES: permission denied, open '/usr/share/vscodium/resources/app/extensions/configuration-editing/package.json'
[2021-12-27 07:41:08.108] [renderer1] [error] EACCES: permission denied, open '/usr/share/vscodium/resources/app/extensions/debug-auto-launch/package.json': Error: EACCES: permission denied, open '/usr/share/vscodium/resources/app/extensions/debug-auto-launch/package.json'
[2021-12-27 07:41:08.118] [renderer1] [error] EACCES: permission denied, open '/usr/share/vscodium/resources/app/extensions/make/package.json': Error: EACCES: permission denied, open '/usr/share/vscodium/resources/app/extensions/make/package.json'
[2021-12-27 07:41:08.123] [renderer1] [error] EACCES: permission denied, open '/usr/share/vscodium/resources/app/extensions/handlebars/package.json': Error: EACCES: permission denied, open '/usr/share/vscodium/resources/app/extensions/handlebars/package.json'
[2021-12-27 07:41:08.131] [renderer1] [error] EACCES: permission denied, open '/usr/share/vscodium/resources/app/extensions/less/package.json': Error: EACCES: permission denied, open '/usr/share/vscodium/resources/app/extensions/less/package.json'
[2021-12-27 07:41:08.133] [renderer1] [error] EACCES: permission denied, open '/usr/share/vscodium/resources/app/extensions/go/package.json': Error: EACCES: permission denied, open '/usr/share/vscodium/resources/app/extensions/go/package.json'
[2021-12-27 07:41:08.134] [renderer1] [error] EACCES: permission denied, open '/usr/share/vscodium/resources/app/extensions/bat/package.json': Error: EACCES: permission denied, open '/usr/share/vscodium/resources/app/extensions/bat/package.json'
[2021-12-27 07:41:08.140] [renderer1] [error] EACCES: permission denied, open '/usr/share/vscodium/resources/app/extensions/clojure/package.json': Error: EACCES: permission denied, open '/usr/share/vscodium/resources/app/extensions/clojure/package.json'
[2021-12-27 07:41:08.150] [renderer1] [error] EACCES: permission denied, open '/usr/share/vscodium/resources/app/extensions/emmet/package.json': Error: EACCES: permission denied, open '/usr/share/vscodium/resources/app/extensions/emmet/package.json'
[2021-12-27 07:41:08.164] [renderer1] [error] EACCES: permission denied, open '/usr/share/vscodium/resources/app/extensions/coffeescript/package.json': Error: EACCES: permission denied, open '/usr/share/vscodium/resources/app/extensions/coffeescript/package.json'
[2021-12-27 07:41:08.167] [renderer1] [error] EACCES: permission denied, open '/usr/share/vscodium/resources/app/extensions/groovy/package.json': Error: EACCES: permission denied, open '/usr/share/vscodium/resources/app/extensions/groovy/package.json'
[2021-12-27 07:41:08.168] [renderer1] [error] EACCES: permission denied, open '/usr/share/vscodium/resources/app/extensions/grunt/package.json': Error: EACCES: permission denied, open '/usr/share/vscodium/resources/app/extensions/grunt/package.json'
[2021-12-27 07:41:08.170] [renderer1] [error] EACCES: permission denied, open '/usr/share/vscodium/resources/app/extensions/gulp/package.json': Error: EACCES: permission denied, open '/usr/share/vscodium/resources/app/extensions/gulp/package.json'
[2021-12-27 07:41:08.174] [renderer1] [error] EACCES: permission denied, open '/usr/share/vscodium/resources/app/extensions/jake/package.json': Error: EACCES: permission denied, open '/usr/share/vscodium/resources/app/extensions/jake/package.json'
[2021-12-27 07:41:08.176] [renderer1] [error] EACCES: permission denied, open '/usr/share/vscodium/resources/app/extensions/xml/package.json': Error: EACCES: permission denied, open '/usr/share/vscodium/resources/app/extensions/xml/package.json'
[2021-12-27 07:41:08.177] [renderer1] [error] EACCES: permission denied, open '/usr/share/vscodium/resources/app/extensions/shellscript/package.json': Error: EACCES: permission denied, open '/usr/share/vscodium/resources/app/extensions/shellscript/package.json'
[2021-12-27 07:41:08.180] [renderer1] [error] EACCES: permission denied, open '/usr/share/vscodium/resources/app/extensions/ini/package.json': Error: EACCES: permission denied, open '/usr/share/vscodium/resources/app/extensions/ini/package.json'
[2021-12-27 07:41:08.181] [renderer1] [error] EACCES: permission denied, open '/usr/share/vscodium/resources/app/extensions/csharp/package.json': Error: EACCES: permission denied, open '/usr/share/vscodium/resources/app/extensions/csharp/package.json'
[2021-12-27 07:41:08.183] [renderer1] [error] EACCES: permission denied, open '/usr/share/vscodium/resources/app/extensions/lua/package.json': Error: EACCES: permission denied, open '/usr/share/vscodium/resources/app/extensions/lua/package.json'
[2021-12-27 07:41:08.184] [renderer1] [error] EACCES: permission denied, open '/usr/share/vscodium/resources/app/extensions/fsharp/package.json': Error: EACCES: permission denied, open '/usr/share/vscodium/resources/app/extensions/fsharp/package.json'
[2021-12-27 07:41:08.186] [renderer1] [error] EACCES: permission denied, open '/usr/share/vscodium/resources/app/extensions/python/package.json': Error: EACCES: permission denied, open '/usr/share/vscodium/resources/app/extensions/python/package.json'
[2021-12-27 07:41:08.188] [renderer1] [error] EACCES: permission denied, open '/usr/share/vscodium/resources/app/extensions/hlsl/package.json': Error: EACCES: permission denied, open '/usr/share/vscodium/resources/app/extensions/hlsl/package.json'
[2021-12-27 07:41:08.189] [renderer1] [error] EACCES: permission denied, open '/usr/share/vscodium/resources/app/extensions/typescript-basics/package.json': Error: EACCES: permission denied, open '/usr/share/vscodium/resources/app/extensions/typescript-basics/package.json'
[2021-12-27 07:41:08.191] [renderer1] [error] EACCES: permission denied, open '/usr/share/vscodium/resources/app/extensions/merge-conflict/package.json': Error: EACCES: permission denied, open '/usr/share/vscodium/resources/app/extensions/merge-conflict/package.json'
[2021-12-27 07:41:08.192] [renderer1] [error] EACCES: permission denied, open '/usr/share/vscodium/resources/app/extensions/typescript-language-features/package.json': Error: EACCES: permission denied, open '/usr/share/vscodium/resources/app/extensions/typescript-language-features/package.json'
[2021-12-27 07:41:08.194] [renderer1] [error] EACCES: permission denied, open '/usr/share/vscodium/resources/app/extensions/css-language-features/package.json': Error: EACCES: permission denied, open '/usr/share/vscodium/resources/app/extensions/css-language-features/package.json'
[2021-12-27 07:41:27.091] [renderer1] [error] EACCES: permission denied, open '/usr/share/vscodium/resources/app/extensions/git-base/package.json': Error: EACCES: permission denied, open '/usr/share/vscodium/resources/app/extensions/git-base/package.json'
[2021-12-27 07:41:27.095] [renderer1] [error] EACCES: permission denied, open '/usr/share/vscodium/resources/app/extensions/git/package.json': Error: EACCES: permission denied, open '/usr/share/vscodium/resources/app/extensions/git/package.json'
[2021-12-27 07:41:27.098] [renderer1] [error] EACCES: permission denied, open '/usr/share/vscodium/resources/app/extensions/github/package.json': Error: EACCES: permission denied, open '/usr/share/vscodium/resources/app/extensions/github/package.json'
[2021-12-27 07:42:05.273] [renderer1] [error] EACCES: permission denied, open '/usr/share/vscodium/resources/app/extensions/git-base/package.json': Error: EACCES: permission denied, open '/usr/share/vscodium/resources/app/extensions/git-base/package.json'
[2021-12-27 07:42:05.274] [renderer1] [error] EACCES: permission denied, open '/usr/share/vscodium/resources/app/extensions/git/package.json': Error: EACCES: permission denied, open '/usr/share/vscodium/resources/app/extensions/git/package.json'
[2021-12-27 07:42:10.556] [renderer1] [error] EACCES: permission denied, open '/usr/share/vscodium/resources/app/extensions/git-base/package.json': Error: EACCES: permission denied, open '/usr/share/vscodium/resources/app/extensions/git-base/package.json'
[2021-12-27 07:42:10.557] [renderer1] [error] EACCES: permission denied, open '/usr/share/vscodium/resources/app/extensions/git/package.json': Error: EACCES: permission denied, open '/usr/share/vscodium/resources/app/extensions/git/package.json'
[2021-12-27 07:43:14.714] [renderer1] [error] [Extension Host] (node:630115) [DEP0005] DeprecationWarning: Buffer() is deprecated due to security and usability issues. Please use the Buffer.alloc(), Buffer.allocUnsafe(), or Buffer.from() methods instead.
(Use `codium --trace-deprecation ...` to show where the warning was created)
[2021-12-27 08:02:45.261] [renderer1] [error] EACCES: permission denied, open '/usr/share/vscodium/resources/app/extensions/bat/package.json': Error: EACCES: permission denied, open '/usr/share/vscodium/resources/app/extensions/bat/package.json'
[2021-12-27 08:02:45.267] [renderer1] [error] EACCES: permission denied, open '/usr/share/vscodium/resources/app/extensions/git-base/package.json': Error: EACCES: permission denied, open '/usr/share/vscodium/resources/app/extensions/git-base/package.json'
[2021-12-27 08:02:45.268] [renderer1] [error] EACCES: permission denied, open '/usr/share/vscodium/resources/app/extensions/shellscript/package.json': Error: EACCES: permission denied, open '/usr/share/vscodium/resources/app/extensions/shellscript/package.json'
[2021-12-27 08:02:45.269] [renderer1] [error] EACCES: permission denied, open '/usr/share/vscodium/resources/app/extensions/json/package.json': Error: EACCES: permission denied, open '/usr/share/vscodium/resources/app/extensions/json/package.json'
[2021-12-27 08:02:45.270] [renderer1] [error] EACCES: permission denied, open '/usr/share/vscodium/resources/app/extensions/cpp/package.json': Error: EACCES: permission denied, open '/usr/share/vscodium/resources/app/extensions/cpp/package.json'
[2021-12-27 08:02:45.270] [renderer1] [error] EACCES: permission denied, open '/usr/share/vscodium/resources/app/extensions/yaml/package.json': Error: EACCES: permission denied, open '/usr/share/vscodium/resources/app/extensions/yaml/package.json'
[2021-12-27 08:02:45.271] [renderer1] [error] EACCES: permission denied, open '/usr/share/vscodium/resources/app/extensions/html/package.json': Error: EACCES: permission denied, open '/usr/share/vscodium/resources/app/extensions/html/package.json'
[2021-12-27 08:02:45.271] [renderer1] [error] EACCES: permission denied, open '/usr/share/vscodium/resources/app/extensions/css/package.json': Error: EACCES: permission denied, open '/usr/share/vscodium/resources/app/extensions/css/package.json'
[2021-12-27 08:02:45.272] [renderer1] [error] EACCES: permission denied, open '/usr/share/vscodium/resources/app/extensions/markdown-basics/package.json': Error: EACCES: permission denied, open '/usr/share/vscodium/resources/app/extensions/markdown-basics/package.json'
[2021-12-27 08:02:45.280] [renderer1] [error] EACCES: permission denied, open '/usr/share/vscodium/resources/app/extensions/docker/package.json': Error: EACCES: permission denied, open '/usr/share/vscodium/resources/app/extensions/docker/package.json'
[2021-12-27 08:02:45.281] [renderer1] [error] EACCES: permission denied, open '/usr/share/vscodium/resources/app/extensions/java/package.json': Error: EACCES: permission denied, open '/usr/share/vscodium/resources/app/extensions/java/package.json'
[2021-12-27 08:02:45.282] [renderer1] [error] EACCES: permission denied, open '/usr/share/vscodium/resources/app/extensions/javascript/package.json': Error: EACCES: permission denied, open '/usr/share/vscodium/resources/app/extensions/javascript/package.json'
[2021-12-27 08:02:45.283] [renderer1] [error] EACCES: permission denied, open '/usr/share/vscodium/resources/app/extensions/make/package.json': Error: EACCES: permission denied, open '/usr/share/vscodium/resources/app/extensions/make/package.json'
[2021-12-27 08:02:45.284] [renderer1] [error] EACCES: permission denied, open '/usr/share/vscodium/resources/app/extensions/less/package.json': Error: EACCES: permission denied, open '/usr/share/vscodium/resources/app/extensions/less/package.json'
[2021-12-27 08:02:45.285] [renderer1] [error] EACCES: permission denied, open '/usr/share/vscodium/resources/app/extensions/handlebars/package.json': Error: EACCES: permission denied, open '/usr/share/vscodium/resources/app/extensions/handlebars/package.json'
[2021-12-27 08:02:45.286] [renderer1] [error] EACCES: permission denied, open '/usr/share/vscodium/resources/app/extensions/go/package.json': Error: EACCES: permission denied, open '/usr/share/vscodium/resources/app/extensions/go/package.json'
[2021-12-27 08:02:45.287] [renderer1] [error] EACCES: permission denied, open '/usr/share/vscodium/resources/app/extensions/clojure/package.json': Error: EACCES: permission denied, open '/usr/share/vscodium/resources/app/extensions/clojure/package.json'
[2021-12-27 08:02:45.601] [renderer1] [error] EACCES: permission denied, open '/usr/share/vscodium/resources/app/extensions/git-base/package.json': Error: EACCES: permission denied, open '/usr/share/vscodium/resources/app/extensions/git-base/package.json'
[2021-12-27 08:02:45.602] [renderer1] [error] EACCES: permission denied, open '/usr/share/vscodium/resources/app/extensions/shellscript/package.json': Error: EACCES: permission denied, open '/usr/share/vscodium/resources/app/extensions/shellscript/package.json'
[2021-12-27 08:03:27.733] [renderer1] [error] /bin/sh: line 1: direnv: command not found
: Error: /bin/sh: line 1: direnv: command not found

	at ChildProcess.exithandler (child_process.js:317:12)
	at ChildProcess.emit (events.js:315:20)
	at maybeClose (internal/child_process.js:1048:16)
	at Socket.<anonymous> (internal/child_process.js:439:11)
	at Socket.emit (events.js:315:20)
	at Pipe.<anonymous> (net.js:673:12)
