Validating found git in: git
Using git 2.34.1 from git
> git rev-parse --git-dir
Open repository: /home/me/bashbunny-payloads
> git status -z -u
> git symbolic-ref --short HEAD
> git show --textconv :payloads/library/credentials/DumpCreds/payload.txt
> git ls-files --stage -- /home/me/bashbunny-payloads/payloads/library/credentials/DumpCreds/payload.txt
> git for-each-ref --format=%(refname)%00%(upstream:short)%00%(objectname)%00%(upstream:track) refs/heads/master refs/remotes/master
> git cat-file -s 38f59e597218ffa3c4cd030dcdf1a5f934a66afe
> git for-each-ref --sort -committerdate --format %(refname) %(objectname) %(*objectname)
> git remote --verbose
Warning: Failed to watch ref '/home/me/bashbunny-payloads/.git/refs/remotes/origin/master', is most likely packed.
> git check-ignore -v -z --stdin
> git config --get commit.template
> git check-ignore -v -z --stdin
> git check-ignore -v -z --stdin
> git check-ignore -v -z --stdin
> git check-ignore -v -z --stdin
> git check-ignore -v -z --stdin
> git check-ignore -v -z --stdin
> git check-ignore -v -z --stdin
> git check-ignore -v -z --stdin
> git check-ignore -v -z --stdin
> git check-ignore -v -z --stdin
> git check-ignore -v -z --stdin
> git rev-parse --git-dir
Open repository: /run/media/me/BashBunny
> git status -z -u
> git symbolic-ref --short HEAD
> git for-each-ref --format=%(refname)%00%(upstream:short)%00%(objectname)%00%(upstream:track) refs/heads/master refs/remotes/master
> git for-each-ref --sort -committerdate --format %(refname) %(objectname) %(*objectname)
> git remote --verbose
Warning: Failed to watch ref '/run/media/me/BashBunny/.git/refs/remotes/origin/master', is most likely packed.
> git config --get commit.template
> git show --textconv :payloads/switch1/payload.txt
> git ls-files --stage -- /run/media/me/BashBunny/payloads/switch1/payload.txt
> git cat-file -s 4a6d625ee707f067e065e615d549dd9a10b92af2
> git check-ignore -v -z --stdin
> git check-ignore -v -z --stdin
> git check-ignore -v -z --stdin
> git status -z -u
> git symbolic-ref --short HEAD
> git for-each-ref --format=%(refname)%00%(upstream:short)%00%(objectname)%00%(upstream:track) refs/heads/master refs/remotes/master
> git for-each-ref --sort -committerdate --format %(refname) %(objectname) %(*objectname)
> git remote --verbose
Warning: Failed to watch ref '/run/media/me/BashBunny/.git/refs/remotes/origin/master', is most likely packed.
> git config --get commit.template
> git status -z -u
> git symbolic-ref --short HEAD
> git for-each-ref --format=%(refname)%00%(upstream:short)%00%(objectname)%00%(upstream:track) refs/heads/master refs/remotes/master
> git for-each-ref --sort -committerdate --format %(refname) %(objectname) %(*objectname)
> git remote --verbose
Warning: Failed to watch ref '/run/media/me/BashBunny/.git/refs/remotes/origin/master', is most likely packed.
> git config --get commit.template
> git status -z -u
> git symbolic-ref --short HEAD
> git for-each-ref --format=%(refname)%00%(upstream:short)%00%(objectname)%00%(upstream:track) refs/heads/master refs/remotes/master
> git for-each-ref --sort -committerdate --format %(refname) %(objectname) %(*objectname)
> git remote --verbose
Warning: Failed to watch ref '/run/media/me/BashBunny/.git/refs/remotes/origin/master', is most likely packed.
> git config --get commit.template
> git status -z -u
> git symbolic-ref --short HEAD
> git for-each-ref --format=%(refname)%00%(upstream:short)%00%(objectname)%00%(upstream:track) refs/heads/master refs/remotes/master
> git for-each-ref --sort -committerdate --format %(refname) %(objectname) %(*objectname)
> git remote --verbose
Warning: Failed to watch ref '/run/media/me/BashBunny/.git/refs/remotes/origin/master', is most likely packed.
> git config --get commit.template
> git status -z -u
> git symbolic-ref --short HEAD
> git for-each-ref --format=%(refname)%00%(upstream:short)%00%(objectname)%00%(upstream:track) refs/heads/master refs/remotes/master
> git for-each-ref --sort -committerdate --format %(refname) %(objectname) %(*objectname)
> git remote --verbose
Warning: Failed to watch ref '/run/media/me/BashBunny/.git/refs/remotes/origin/master', is most likely packed.
> git config --get commit.template
> git status -z -u
> git symbolic-ref --short HEAD
> git for-each-ref --format=%(refname)%00%(upstream:short)%00%(objectname)%00%(upstream:track) refs/heads/master refs/remotes/master
> git for-each-ref --sort -committerdate --format %(refname) %(objectname) %(*objectname)
> git remote --verbose
Warning: Failed to watch ref '/run/media/me/BashBunny/.git/refs/remotes/origin/master', is most likely packed.
> git config --get commit.template
> git status -z -u
> git symbolic-ref --short HEAD
> git for-each-ref --format=%(refname)%00%(upstream:short)%00%(objectname)%00%(upstream:track) refs/heads/master refs/remotes/master
> git for-each-ref --sort -committerdate --format %(refname) %(objectname) %(*objectname)
> git remote --verbose
Warning: Failed to watch ref '/run/media/me/BashBunny/.git/refs/remotes/origin/master', is most likely packed.
> git config --get commit.template
> git status -z -u
> git symbolic-ref --short HEAD
> git for-each-ref --format=%(refname)%00%(upstream:short)%00%(objectname)%00%(upstream:track) refs/heads/master refs/remotes/master
> git for-each-ref --sort -committerdate --format %(refname) %(objectname) %(*objectname)
> git remote --verbose
Warning: Failed to watch ref '/run/media/me/BashBunny/.git/refs/remotes/origin/master', is most likely packed.
> git config --get commit.template
> git status -z -u
> git symbolic-ref --short HEAD
> git for-each-ref --format=%(refname)%00%(upstream:short)%00%(objectname)%00%(upstream:track) refs/heads/master refs/remotes/master
> git for-each-ref --sort -committerdate --format %(refname) %(objectname) %(*objectname)
> git remote --verbose
Warning: Failed to watch ref '/run/media/me/BashBunny/.git/refs/remotes/origin/master', is most likely packed.
> git config --get commit.template
> git status -z -u
> git symbolic-ref --short HEAD
> git for-each-ref --format=%(refname)%00%(upstream:short)%00%(objectname)%00%(upstream:track) refs/heads/master refs/remotes/master
> git for-each-ref --sort -committerdate --format %(refname) %(objectname) %(*objectname)
> git remote --verbose
Warning: Failed to watch ref '/run/media/me/BashBunny/.git/refs/remotes/origin/master', is most likely packed.
> git config --get commit.template
> git status -z -u
> git symbolic-ref --short HEAD
> git for-each-ref --format=%(refname)%00%(upstream:short)%00%(objectname)%00%(upstream:track) refs/heads/master refs/remotes/master
> git for-each-ref --sort -committerdate --format %(refname) %(objectname) %(*objectname)
> git remote --verbose
Warning: Failed to watch ref '/run/media/me/BashBunny/.git/refs/remotes/origin/master', is most likely packed.
> git config --get commit.template
> git status -z -u
> git symbolic-ref --short HEAD
> git for-each-ref --format=%(refname)%00%(upstream:short)%00%(objectname)%00%(upstream:track) refs/heads/master refs/remotes/master
> git for-each-ref --sort -committerdate --format %(refname) %(objectname) %(*objectname)
> git remote --verbose
Warning: Failed to watch ref '/run/media/me/BashBunny/.git/refs/remotes/origin/master', is most likely packed.
> git config --get commit.template
> git status -z -u
> git symbolic-ref --short HEAD
> git for-each-ref --format=%(refname)%00%(upstream:short)%00%(objectname)%00%(upstream:track) refs/heads/master refs/remotes/master
> git for-each-ref --sort -committerdate --format %(refname) %(objectname) %(*objectname)
> git remote --verbose
Warning: Failed to watch ref '/run/media/me/BashBunny/.git/refs/remotes/origin/master', is most likely packed.
> git config --get commit.template
> git status -z -u
> git symbolic-ref --short HEAD
> git for-each-ref --format=%(refname)%00%(upstream:short)%00%(objectname)%00%(upstream:track) refs/heads/master refs/remotes/master
> git for-each-ref --sort -committerdate --format %(refname) %(objectname) %(*objectname)
> git remote --verbose
Warning: Failed to watch ref '/run/media/me/BashBunny/.git/refs/remotes/origin/master', is most likely packed.
> git config --get commit.template
> git status -z -u
> git symbolic-ref --short HEAD
> git for-each-ref --format=%(refname)%00%(upstream:short)%00%(objectname)%00%(upstream:track) refs/heads/master refs/remotes/master
> git for-each-ref --sort -committerdate --format %(refname) %(objectname) %(*objectname)
> git remote --verbose
Warning: Failed to watch ref '/run/media/me/BashBunny/.git/refs/remotes/origin/master', is most likely packed.
> git config --get commit.template
> git status -z -u
> git symbolic-ref --short HEAD
> git for-each-ref --format=%(refname)%00%(upstream:short)%00%(objectname)%00%(upstream:track) refs/heads/master refs/remotes/master
> git for-each-ref --sort -committerdate --format %(refname) %(objectname) %(*objectname)
> git remote --verbose
Warning: Failed to watch ref '/run/media/me/BashBunny/.git/refs/remotes/origin/master', is most likely packed.
> git config --get commit.template
> git status -z -u
> git symbolic-ref --short HEAD
> git for-each-ref --format=%(refname)%00%(upstream:short)%00%(objectname)%00%(upstream:track) refs/heads/master refs/remotes/master
> git for-each-ref --sort -committerdate --format %(refname) %(objectname) %(*objectname)
> git remote --verbose
Warning: Failed to watch ref '/run/media/me/BashBunny/.git/refs/remotes/origin/master', is most likely packed.
> git config --get commit.template
> git status -z -u
> git symbolic-ref --short HEAD
> git for-each-ref --format=%(refname)%00%(upstream:short)%00%(objectname)%00%(upstream:track) refs/heads/master refs/remotes/master
> git for-each-ref --sort -committerdate --format %(refname) %(objectname) %(*objectname)
> git remote --verbose
Warning: Failed to watch ref '/run/media/me/BashBunny/.git/refs/remotes/origin/master', is most likely packed.
> git config --get commit.template
> git status -z -u
> git symbolic-ref --short HEAD
> git for-each-ref --format=%(refname)%00%(upstream:short)%00%(objectname)%00%(upstream:track) refs/heads/master refs/remotes/master
> git for-each-ref --sort -committerdate --format %(refname) %(objectname) %(*objectname)
> git remote --verbose
Warning: Failed to watch ref '/run/media/me/BashBunny/.git/refs/remotes/origin/master', is most likely packed.
> git config --get commit.template
> git status -z -u
> git symbolic-ref --short HEAD
> git for-each-ref --format=%(refname)%00%(upstream:short)%00%(objectname)%00%(upstream:track) refs/heads/master refs/remotes/master
> git for-each-ref --sort -committerdate --format %(refname) %(objectname) %(*objectname)
> git remote --verbose
Warning: Failed to watch ref '/run/media/me/BashBunny/.git/refs/remotes/origin/master', is most likely packed.
> git config --get commit.template
> git status -z -u
> git symbolic-ref --short HEAD
> git for-each-ref --format=%(refname)%00%(upstream:short)%00%(objectname)%00%(upstream:track) refs/heads/master refs/remotes/master
> git for-each-ref --sort -committerdate --format %(refname) %(objectname) %(*objectname)
> git remote --verbose
Warning: Failed to watch ref '/run/media/me/BashBunny/.git/refs/remotes/origin/master', is most likely packed.
> git config --get commit.template
> git status -z -u
> git symbolic-ref --short HEAD
> git for-each-ref --format=%(refname)%00%(upstream:short)%00%(objectname)%00%(upstream:track) refs/heads/master refs/remotes/master
> git for-each-ref --sort -committerdate --format %(refname) %(objectname) %(*objectname)
> git remote --verbose
Warning: Failed to watch ref '/run/media/me/BashBunny/.git/refs/remotes/origin/master', is most likely packed.
> git config --get commit.template
> git status -z -u
> git symbolic-ref --short HEAD
> git for-each-ref --format=%(refname)%00%(upstream:short)%00%(objectname)%00%(upstream:track) refs/heads/master refs/remotes/master
> git for-each-ref --sort -committerdate --format %(refname) %(objectname) %(*objectname)
> git remote --verbose
Warning: Failed to watch ref '/run/media/me/BashBunny/.git/refs/remotes/origin/master', is most likely packed.
> git config --get commit.template
> git status -z -u
> git symbolic-ref --short HEAD
> git for-each-ref --format=%(refname)%00%(upstream:short)%00%(objectname)%00%(upstream:track) refs/heads/master refs/remotes/master
> git for-each-ref --sort -committerdate --format %(refname) %(objectname) %(*objectname)
> git remote --verbose
Warning: Failed to watch ref '/run/media/me/BashBunny/.git/refs/remotes/origin/master', is most likely packed.
> git config --get commit.template
> git status -z -u
> git symbolic-ref --short HEAD
> git for-each-ref --format=%(refname)%00%(upstream:short)%00%(objectname)%00%(upstream:track) refs/heads/master refs/remotes/master
> git for-each-ref --sort -committerdate --format %(refname) %(objectname) %(*objectname)
> git remote --verbose
Warning: Failed to watch ref '/run/media/me/BashBunny/.git/refs/remotes/origin/master', is most likely packed.
> git config --get commit.template
> git status -z -u
> git symbolic-ref --short HEAD
> git for-each-ref --format=%(refname)%00%(upstream:short)%00%(objectname)%00%(upstream:track) refs/heads/master refs/remotes/master
> git for-each-ref --sort -committerdate --format %(refname) %(objectname) %(*objectname)
> git remote --verbose
Warning: Failed to watch ref '/run/media/me/BashBunny/.git/refs/remotes/origin/master', is most likely packed.
> git config --get commit.template
> git status -z -u
> git symbolic-ref --short HEAD
> git for-each-ref --format=%(refname)%00%(upstream:short)%00%(objectname)%00%(upstream:track) refs/heads/master refs/remotes/master
> git for-each-ref --sort -committerdate --format %(refname) %(objectname) %(*objectname)
> git remote --verbose
Warning: Failed to watch ref '/run/media/me/BashBunny/.git/refs/remotes/origin/master', is most likely packed.
> git config --get commit.template
> git status -z -u
> git symbolic-ref --short HEAD
> git for-each-ref --format=%(refname)%00%(upstream:short)%00%(objectname)%00%(upstream:track) refs/heads/master refs/remotes/master
> git for-each-ref --sort -committerdate --format %(refname) %(objectname) %(*objectname)
> git remote --verbose
Warning: Failed to watch ref '/run/media/me/BashBunny/.git/refs/remotes/origin/master', is most likely packed.
> git config --get commit.template
> git status -z -u
> git symbolic-ref --short HEAD
> git for-each-ref --format=%(refname)%00%(upstream:short)%00%(objectname)%00%(upstream:track) refs/heads/master refs/remotes/master
> git for-each-ref --sort -committerdate --format %(refname) %(objectname) %(*objectname)
> git remote --verbose
Warning: Failed to watch ref '/run/media/me/BashBunny/.git/refs/remotes/origin/master', is most likely packed.
> git config --get commit.template
> git status -z -u
> git symbolic-ref --short HEAD
> git for-each-ref --format=%(refname)%00%(upstream:short)%00%(objectname)%00%(upstream:track) refs/heads/master refs/remotes/master
> git for-each-ref --sort -committerdate --format %(refname) %(objectname) %(*objectname)
> git remote --verbose
Warning: Failed to watch ref '/run/media/me/BashBunny/.git/refs/remotes/origin/master', is most likely packed.
> git config --get commit.template
> git status -z -u
> git symbolic-ref --short HEAD
> git for-each-ref --format=%(refname)%00%(upstream:short)%00%(objectname)%00%(upstream:track) refs/heads/master refs/remotes/master
> git for-each-ref --sort -committerdate --format %(refname) %(objectname) %(*objectname)
> git remote --verbose
Warning: Failed to watch ref '/run/media/me/BashBunny/.git/refs/remotes/origin/master', is most likely packed.
> git config --get commit.template
> git check-ignore -v -z --stdin
> git check-ignore -v -z --stdin
> git check-ignore -v -z --stdin
> git check-ignore -v -z --stdin
> git show --textconv :payloads/switch1/i.vbs
> git ls-files --stage -- /run/media/me/BashBunny/payloads/switch1/i.vbs
> git check-ignore -v -z --stdin
> git show --textconv :payloads/switch1/e.cmd
> git ls-files --stage -- /run/media/me/BashBunny/payloads/switch1/e.cmd
> git show --textconv :payloads/switch1/d.cmd
> git ls-files --stage -- /run/media/me/BashBunny/payloads/switch1/d.cmd
> git show --textconv :payloads/switch1/e.cmd
> git ls-files --stage -- /run/media/me/BashBunny/payloads/switch1/e.cmd
> git show --textconv :payloads/switch1/i.vbs
> git ls-files --stage -- /run/media/me/BashBunny/payloads/switch1/i.vbs
> git show --textconv :payloads/switch1/payload.txt
> git ls-files --stage -- /run/media/me/BashBunny/payloads/switch1/payload.txt
> git cat-file -s 4a6d625ee707f067e065e615d549dd9a10b92af2
> git show --textconv :payloads/switch1/i.vbs
> git ls-files --stage -- /run/media/me/BashBunny/payloads/switch1/i.vbs
> git show --textconv :payloads/switch1/payload.txt
> git ls-files --stage -- /run/media/me/BashBunny/payloads/switch1/payload.txt
> git cat-file -s 4a6d625ee707f067e065e615d549dd9a10b92af2
> git status -z -u
> git symbolic-ref --short HEAD
> git for-each-ref --format=%(refname)%00%(upstream:short)%00%(objectname)%00%(upstream:track) refs/heads/master refs/remotes/master
> git for-each-ref --sort -committerdate --format %(refname) %(objectname) %(*objectname)
> git remote --verbose
Warning: Failed to watch ref '/run/media/me/BashBunny/.git/refs/remotes/origin/master', is most likely packed.
> git config --get commit.template
> git status -z -u
> git symbolic-ref --short HEAD
> git for-each-ref --format=%(refname)%00%(upstream:short)%00%(objectname)%00%(upstream:track) refs/heads/master refs/remotes/master
> git for-each-ref --sort -committerdate --format %(refname) %(objectname) %(*objectname)
> git remote --verbose
Warning: Failed to watch ref '/run/media/me/BashBunny/.git/refs/remotes/origin/master', is most likely packed.
> git config --get commit.template
> git status -z -u
> git symbolic-ref --short HEAD
> git for-each-ref --format=%(refname)%00%(upstream:short)%00%(objectname)%00%(upstream:track) refs/heads/master refs/remotes/master
> git for-each-ref --sort -committerdate --format %(refname) %(objectname) %(*objectname)
> git remote --verbose
Warning: Failed to watch ref '/run/media/me/BashBunny/.git/refs/remotes/origin/master', is most likely packed.
> git config --get commit.template
> git status -z -u
> git symbolic-ref --short HEAD
> git for-each-ref --format=%(refname)%00%(upstream:short)%00%(objectname)%00%(upstream:track) refs/heads/master refs/remotes/master
> git for-each-ref --sort -committerdate --format %(refname) %(objectname) %(*objectname)
> git remote --verbose
Warning: Failed to watch ref '/run/media/me/BashBunny/.git/refs/remotes/origin/master', is most likely packed.
> git config --get commit.template
> git status -z -u
> git symbolic-ref --short HEAD
> git for-each-ref --format=%(refname)%00%(upstream:short)%00%(objectname)%00%(upstream:track) refs/heads/master refs/remotes/master
> git for-each-ref --sort -committerdate --format %(refname) %(objectname) %(*objectname)
> git remote --verbose
Warning: Failed to watch ref '/run/media/me/BashBunny/.git/refs/remotes/origin/master', is most likely packed.
> git config --get commit.template
> git status -z -u
> git symbolic-ref --short HEAD
> git for-each-ref --format=%(refname)%00%(upstream:short)%00%(objectname)%00%(upstream:track) refs/heads/master refs/remotes/master
> git for-each-ref --sort -committerdate --format %(refname) %(objectname) %(*objectname)
> git remote --verbose
Warning: Failed to watch ref '/run/media/me/BashBunny/.git/refs/remotes/origin/master', is most likely packed.
> git config --get commit.template
> git status -z -u
> git symbolic-ref --short HEAD
> git for-each-ref --format=%(refname)%00%(upstream:short)%00%(objectname)%00%(upstream:track) refs/heads/master refs/remotes/master
> git for-each-ref --sort -committerdate --format %(refname) %(objectname) %(*objectname)
> git remote --verbose
Warning: Failed to watch ref '/run/media/me/BashBunny/.git/refs/remotes/origin/master', is most likely packed.
> git config --get commit.template
> git status -z -u
> git symbolic-ref --short HEAD
> git for-each-ref --format=%(refname)%00%(upstream:short)%00%(objectname)%00%(upstream:track) refs/heads/master refs/remotes/master
> git for-each-ref --sort -committerdate --format %(refname) %(objectname) %(*objectname)
> git remote --verbose
Warning: Failed to watch ref '/run/media/me/BashBunny/.git/refs/remotes/origin/master', is most likely packed.
> git config --get commit.template
> git status -z -u
> git symbolic-ref --short HEAD
> git for-each-ref --format=%(refname)%00%(upstream:short)%00%(objectname)%00%(upstream:track) refs/heads/master refs/remotes/master
> git for-each-ref --sort -committerdate --format %(refname) %(objectname) %(*objectname)
> git remote --verbose
Warning: Failed to watch ref '/run/media/me/BashBunny/.git/refs/remotes/origin/master', is most likely packed.
> git config --get commit.template
> git status -z -u
> git symbolic-ref --short HEAD
> git for-each-ref --format=%(refname)%00%(upstream:short)%00%(objectname)%00%(upstream:track) refs/heads/master refs/remotes/master
> git for-each-ref --sort -committerdate --format %(refname) %(objectname) %(*objectname)
> git remote --verbose
Warning: Failed to watch ref '/run/media/me/BashBunny/.git/refs/remotes/origin/master', is most likely packed.
> git config --get commit.template
> git status -z -u
> git symbolic-ref --short HEAD
> git for-each-ref --format=%(refname)%00%(upstream:short)%00%(objectname)%00%(upstream:track) refs/heads/master refs/remotes/master
> git for-each-ref --sort -committerdate --format %(refname) %(objectname) %(*objectname)
> git remote --verbose
Warning: Failed to watch ref '/run/media/me/BashBunny/.git/refs/remotes/origin/master', is most likely packed.
> git config --get commit.template
