[2021-12-28 01:00:32:183] Warning(/usr/bin/git -c core.quotepath=false -c color.ui=false -c log.showSignature=false show --textconv b64503fe23489d713f024ad0ee9516635a82b9db:./payloads/library/remote_access/PingZhellBunny/README.md --): 
[2021-12-28 01:00:52:753] Warning(/usr/bin/git -c core.quotepath=false -c color.ui=false -c log.showSignature=false show --textconv 39fd0e838c8a742cf3f422e294fc0c1d5b6bc943:./payloads/library/prank/Win_PoSH_ExcelQRRickroll/readme.md --): 
[2021-12-28 01:01:03:666] Warning(/usr/bin/git -c core.quotepath=false -c color.ui=false -c log.showSignature=false show --textconv e1700bdc91859b3c0d9b9cd8d796715b6a83262b:./payloads/library/prank/Win_PoSH_ReplaceCursor/readme.md --): 
[2021-12-28 01:01:17:236] Warning(/usr/bin/git -c core.quotepath=false -c color.ui=false -c log.showSignature=false show --textconv 8a7606aa0a0e21f9706b8dc8d15a4bb09fcf194e:./payloads/library/exfiltration/Win_PoSH_ReadItOut/readme.md --): 
[2021-12-28 01:01:28:445] Warning(/usr/bin/git -c core.quotepath=false -c color.ui=false -c log.showSignature=false show --textconv 5d4367787f231680133e11cc7000ea4c67ffc92e:./payloads/library/exfiltration/SanDisk-Wireless-Stick_Exfiltration/README.md --): 
[2021-12-28 01:01:48:471] Warning(/usr/bin/git -c core.quotepath=false -c color.ui=false -c log.showSignature=false show --textconv 49f7018bf30c1f3814f75c9f82ff0ff19f581746:./payloads/library/execution/Win_PoSH_SSHServer/readme.md --): 
[2021-12-28 01:01:56:789] Warning(/usr/bin/git -c core.quotepath=false -c color.ui=false -c log.showSignature=false show --textconv 73bf1c0c48bed01e9e9febab19295be9f83d9295:./payloads/library/prank/Win_PoSH_SpinningAround/readme.md --): 
[2021-12-28 01:02:03:663] Warning(/usr/bin/git -c core.quotepath=false -c color.ui=false -c log.showSignature=false show --textconv bb601883ef78b91da18a1144d9e9219b9fbd4057:./payloads/library/exfiltration/SmartDataThief_Exfiltrator/readme.md --): 
[2021-12-28 01:35:06:800] Warning(/usr/bin/git -c core.quotepath=false -c color.ui=false -c log.showSignature=false show --textconv bb601883ef78b91da18a1144d9e9219b9fbd4057:./payloads/library/general/Revolver_BLE-Controlled-Attacks/readme.md --): 
[2021-12-28 01:35:12:812] Warning(/usr/bin/git -c core.quotepath=false -c color.ui=false -c log.showSignature=false show --textconv bb601883ef78b91da18a1144d9e9219b9fbd4057:./payloads/library/general/Revolver_BLE-Controlled-Attacks/payload.txt --): 
[2021-12-28 12:42:43:865] [/run/media/me/BashBunny] Git Command failed: /usr/bin/git -c core.quotepath=false -c color.ui=false -c log.showSignature=false log --format=%x3cr%x3e%x20%H -n3 -m -L 27,27:payloads/switch1/payload.txt • file payloads/switch1/payload.txt has only 3 lines • 41 ms 
[2021-12-28 12:45:01:512] [/run/media/me/BashBunny] Git Command failed: /usr/bin/git -c core.quotepath=false -c color.ui=false -c log.showSignature=false log --format=%x3cr%x3e%x20%H -n3 -m -L 30,30:payloads/switch1/payload.txt • file payloads/switch1/payload.txt has only 3 lines • 33 ms 
[2021-12-28 12:45:11:845] [/run/media/me/BashBunny] Git Command failed: /usr/bin/git -c core.quotepath=false -c color.ui=false -c log.showSignature=false log --format=%x3cr%x3e%x20%H -n3 -m -L 25,25:payloads/switch1/payload.txt • file payloads/switch1/payload.txt has only 3 lines • 32 ms 
[2021-12-28 12:49:35:906] [/run/media/me/BashBunny] Git Command failed: /usr/bin/git -c core.quotepath=false -c color.ui=false -c log.showSignature=false log --format=%x3cr%x3e%x20%H -n3 -m -L 28,28:payloads/switch1/payload.txt • file payloads/switch1/payload.txt has only 3 lines • 34 ms 
[2021-12-28 12:50:32:488] [/run/media/me/BashBunny] Git Command failed: /usr/bin/git -c core.quotepath=false -c color.ui=false -c log.showSignature=false log --format=%x3cr%x3e%x20%H -n3 -m -L 30,30:payloads/switch1/payload.txt • file payloads/switch1/payload.txt has only 3 lines • 35 ms 
[2021-12-28 12:50:57:195] [/run/media/me/BashBunny] Git Command failed: /usr/bin/git -c core.quotepath=false -c color.ui=false -c log.showSignature=false log --format=%x3cr%x3e%x20%H -n3 -m -L 16,16:payloads/switch1/payload.txt • file payloads/switch1/payload.txt has only 3 lines • 33 ms 
[2021-12-28 13:12:38:368] [/run/media/me/BashBunny] Git Command failed: /usr/bin/git -c core.quotepath=false -c color.ui=false -c log.showSignature=false log --format=%x3cr%x3e%x20%H -n3 -m -L 17,17:payloads/switch1/payload.txt • file payloads/switch1/payload.txt has only 3 lines • 41 ms 
[2021-12-28 13:12:42:426] [/run/media/me/BashBunny] Git Command failed: /usr/bin/git -c core.quotepath=false -c color.ui=false -c log.showSignature=false log --format=%x3cr%x3e%x20%H -n3 -m -L 21,21:payloads/switch1/payload.txt • file payloads/switch1/payload.txt has only 3 lines • 37 ms 
[2021-12-28 13:13:40:277] [/run/media/me/BashBunny] Git Command failed: /usr/bin/git -c core.quotepath=false -c color.ui=false -c log.showSignature=false log --format=%x3cr%x3e%x20%H -n3 -m -L 25,25:payloads/switch1/payload.txt • file payloads/switch1/payload.txt has only 3 lines • 38 ms 
[2021-12-28 13:13:52:975] [/run/media/me/BashBunny] Git Command failed: /usr/bin/git -c core.quotepath=false -c color.ui=false -c log.showSignature=false log --format=%x3cr%x3e%x20%H -n3 -m -L 26,26:payloads/switch1/payload.txt • file payloads/switch1/payload.txt has only 3 lines • 56 ms 
[2021-12-28 13:14:29:718] [/run/media/me/BashBunny] Git Command failed: /usr/bin/git -c core.quotepath=false -c color.ui=false -c log.showSignature=false log --format=%x3cr%x3e%x20%H -n3 -m -L 40,40:payloads/switch1/payload.txt • file payloads/switch1/payload.txt has only 3 lines • 35 ms 
[2021-12-28 13:14:57:218] [/run/media/me/BashBunny] Git Command failed: /usr/bin/git -c core.quotepath=false -c color.ui=false -c log.showSignature=false log --format=%x3cr%x3e%x20%H -n3 -m -L 41,41:payloads/switch1/payload.txt • file payloads/switch1/payload.txt has only 3 lines • 37 ms 
[2021-12-28 13:15:02:999] [/run/media/me/BashBunny] Git Command failed: /usr/bin/git -c core.quotepath=false -c color.ui=false -c log.showSignature=false log --format=%x3cr%x3e%x20%H -n3 -m -L 40,40:payloads/switch1/payload.txt • file payloads/switch1/payload.txt has only 3 lines • 49 ms 
[2021-12-28 13:19:18:698] [/run/media/me/BashBunny] Git Command failed: /usr/bin/git -c core.quotepath=false -c color.ui=false -c log.showSignature=false log --format=%x3cr%x3e%x20%H -n3 -m -L 44,44:payloads/switch1/payload.txt • file payloads/switch1/payload.txt has only 3 lines • 33 ms 
[2021-12-28 13:20:26:372] [/run/media/me/BashBunny] Git Command failed: /usr/bin/git -c core.quotepath=false -c color.ui=false -c log.showSignature=false log --format=%x3cr%x3e%x20%H -n3 -m -L 14,14:payloads/switch1/payload.txt • file payloads/switch1/payload.txt has only 3 lines • 37 ms 
[2021-12-28 13:21:01:093] [/run/media/me/BashBunny] Git Command failed: /usr/bin/git -c core.quotepath=false -c color.ui=false -c log.showSignature=false log --format=%x3cr%x3e%x20%H -n3 -m -L 19,19:payloads/switch1/payload.txt • file payloads/switch1/payload.txt has only 3 lines • 40 ms 
[2021-12-28 13:21:08:110] [/run/media/me/BashBunny] Git Command failed: /usr/bin/git -c core.quotepath=false -c color.ui=false -c log.showSignature=false log --format=%x3cr%x3e%x20%H -n3 -m -L 47,47:payloads/switch1/payload.txt • file payloads/switch1/payload.txt has only 3 lines • 42 ms 
[2021-12-28 13:21:14:031] [/run/media/me/BashBunny] Git Command failed: /usr/bin/git -c core.quotepath=false -c color.ui=false -c log.showSignature=false log --format=%x3cr%x3e%x20%H -n3 -m -L 47,47:payloads/switch1/payload.txt • file payloads/switch1/payload.txt has only 3 lines • 36 ms 
[2021-12-28 13:21:43:503] [/run/media/me/BashBunny] Git Command failed: /usr/bin/git -c core.quotepath=false -c color.ui=false -c log.showSignature=false log --format=%x3cr%x3e%x20%H -n3 -m -L 47,47:payloads/switch1/payload.txt • file payloads/switch1/payload.txt has only 3 lines • 36 ms 
[2021-12-28 13:22:02:134] [/run/media/me/BashBunny] Git Command failed: /usr/bin/git -c core.quotepath=false -c color.ui=false -c log.showSignature=false log --format=%x3cr%x3e%x20%H -n3 -m -L 37,37:payloads/switch1/payload.txt • file payloads/switch1/payload.txt has only 3 lines • 35 ms 
[2021-12-28 13:22:06:339] [/run/media/me/BashBunny] Git Command failed: /usr/bin/git -c core.quotepath=false -c color.ui=false -c log.showSignature=false log --format=%x3cr%x3e%x20%H -n3 -m -L 48,48:payloads/switch1/payload.txt • file payloads/switch1/payload.txt has only 3 lines • 35 ms 
[2021-12-28 13:23:14:860] [/run/media/me/BashBunny] Git Command failed: /usr/bin/git -c core.quotepath=false -c color.ui=false -c log.showSignature=false log --format=%x3cr%x3e%x20%H -n3 -m -L 48,48:payloads/switch1/payload.txt • file payloads/switch1/payload.txt has only 3 lines • 37 ms 
